24-06-2020 09:16:15	This log contains information about the import schema operation into project 'IsThisIt' on computer 'LPT-100057' by user 'DomingoAshish.Gomes'.
24-06-2020 09:16:15	Import of database schema has started.
24-06-2020 09:16:20	Gathering database credentials
24-06-2020 09:16:20	Gathering database options
24-06-2020 09:16:20	Gathering generic database scoped configuration option
24-06-2020 09:16:21	Gathering users
24-06-2020 09:16:21	Gathering roles
24-06-2020 09:16:21	Gathering application roles
24-06-2020 09:16:21	Gathering role memberships
24-06-2020 09:16:21	Gathering filegroups
24-06-2020 09:16:21	Gathering full-text catalogs
24-06-2020 09:16:21	Gathering assemblies
24-06-2020 09:16:21	Gathering certificates
24-06-2020 09:16:21	Gathering asymmetric keys
24-06-2020 09:16:21	Gathering symmetric keys
24-06-2020 09:16:21	Gathering encrypted symmetric keys
24-06-2020 09:16:21	Gathering schemas
24-06-2020 09:16:21	Gathering XML schema collections
24-06-2020 09:16:21	Gathering user-defined data types
24-06-2020 09:16:21	Gathering user-defined types
24-06-2020 09:16:21	Gathering table types
24-06-2020 09:16:21	Gathering unique keys for table types
24-06-2020 09:16:21	Gathering primary keys for table types
24-06-2020 09:16:21	Gathering indexes for table types
24-06-2020 09:16:21	Gathering check constraints for table types
24-06-2020 09:16:21	Gathering default constraints for table types
24-06-2020 09:16:21	Gathering partition functions
24-06-2020 09:16:21	Gathering partition schemes
24-06-2020 09:16:21	Gathering functions
24-06-2020 09:16:21	Gathering encrypted functions
24-06-2020 09:16:21	Gathering aggregates
24-06-2020 09:16:21	Gathering procedures
24-06-2020 09:16:21	Gathering encrypted procedures
24-06-2020 09:16:21	Gathering tables
24-06-2020 09:16:21	Gathering primary keys
24-06-2020 09:16:21	Gathering unique constraints
24-06-2020 09:16:21	Gathering foreign keys
24-06-2020 09:16:21	Gathering default constraints
24-06-2020 09:16:21	Gathering check constraints
24-06-2020 09:16:21	Gathering views
24-06-2020 09:16:21	Gathering encrypted views
24-06-2020 09:16:21	Gathering indexes
24-06-2020 09:16:21	Gathering statistics
24-06-2020 09:16:21	Gathering full-text index stoplists
24-06-2020 09:16:21	Gathering search property lists
24-06-2020 09:16:21	Gathering search properties
24-06-2020 09:16:21	Gathering full-text indexes
24-06-2020 09:16:21	Gathering column store indexes
24-06-2020 09:16:21	Gathering spatial indexes
24-06-2020 09:16:21	Gathering XML indexes
24-06-2020 09:16:21	Gathering Selective XML indexes
24-06-2020 09:16:21	Gathering encrypted triggers
24-06-2020 09:16:21	Gathering triggers
24-06-2020 09:16:21	Gathering encrypted and clr ddl triggers
24-06-2020 09:16:21	Gathering ddl triggers
24-06-2020 09:16:21	Creating edge constraints
24-06-2020 09:16:21	Gathering synonyms
24-06-2020 09:16:21	Gathering defaults
24-06-2020 09:16:21	Gathering data constraint uddt bindings
24-06-2020 09:16:21	Gathering rules
24-06-2020 09:16:21	Gathering data constraint uddt bindings
24-06-2020 09:16:21	Gathering message types
24-06-2020 09:16:21	Gathering queues
24-06-2020 09:16:21	Gathering contracts
24-06-2020 09:16:21	Gathering services
24-06-2020 09:16:21	Gathering event notifications
24-06-2020 09:16:21	Gathering remote service bindings
24-06-2020 09:16:21	Gathering broker priorities
24-06-2020 09:16:21	Gathering signatures
24-06-2020 09:16:21	Gathering data compression options
24-06-2020 09:16:21	Gathering sequence types
24-06-2020 09:16:21	Gathering security policies
24-06-2020 09:16:21	Gather column encryption keys
24-06-2020 09:16:22	Gathering column master keys
24-06-2020 09:16:22	Gathering external data sources
24-06-2020 09:16:22	Gathering external file formats
24-06-2020 09:16:22	Gathering external tables
24-06-2020 09:16:22	Gathering extended properties
24-06-2020 09:16:22	Gathering credentials
24-06-2020 09:16:22	Gathering logins
24-06-2020 09:16:22	Gathering server audits
24-06-2020 09:16:22	Scanning project for duplicate elements
24-06-2020 09:16:22	Finished duplicate element processing
24-06-2020 09:16:23	Finished importing database.
24-06-2020 09:16:23	A summary of the import was saved to the following location: C:\Users\DomingoAshish.Gomes\source\repos\IsThisIt\IsThisIt\Import Schema Logs\IsThisIt_20200624034615.log
24-06-2020 09:16:23	Click Finish to continue...
